mode: atomic
slack-tickets/internal/slack/http_client.go:31.107,32.23 1 10
slack-tickets/internal/slack/http_client.go:32.23,34.3 1 10
slack-tickets/internal/slack/http_client.go:35.2,44.3 3 10
slack-tickets/internal/slack/http_client.go:48.56,51.2 2 10
slack-tickets/internal/slack/http_client.go:54.85,58.6 3 6
slack-tickets/internal/slack/http_client.go:58.6,64.19 2 7
slack-tickets/internal/slack/http_client.go:64.19,66.4 1 1
slack-tickets/internal/slack/http_client.go:68.3,69.73 2 7
slack-tickets/internal/slack/http_client.go:69.73,71.4 1 0
slack-tickets/internal/slack/http_client.go:72.3,72.15 1 7
slack-tickets/internal/slack/http_client.go:72.15,74.4 1 1
slack-tickets/internal/slack/http_client.go:76.3,76.36 1 6
slack-tickets/internal/slack/http_client.go:76.36,77.25 1 9
slack-tickets/internal/slack/http_client.go:77.25,78.13 1 2
slack-tickets/internal/slack/http_client.go:81.4,81.39 1 7
slack-tickets/internal/slack/http_client.go:84.3,84.45 1 6
slack-tickets/internal/slack/http_client.go:84.45,85.9 1 5
slack-tickets/internal/slack/http_client.go:87.3,87.44 1 1
slack-tickets/internal/slack/http_client.go:90.2,90.17 1 5
slack-tickets/internal/slack/http_client.go:94.114,98.6 3 4
slack-tickets/internal/slack/http_client.go:98.6,105.19 2 5
slack-tickets/internal/slack/http_client.go:105.19,107.4 1 1
slack-tickets/internal/slack/http_client.go:109.3,110.76 2 5
slack-tickets/internal/slack/http_client.go:110.76,112.4 1 1
slack-tickets/internal/slack/http_client.go:113.3,113.15 1 4
slack-tickets/internal/slack/http_client.go:113.15,115.4 1 1
slack-tickets/internal/slack/http_client.go:117.3,117.35 1 3
slack-tickets/internal/slack/http_client.go:117.35,119.18 2 4
slack-tickets/internal/slack/http_client.go:119.18,120.13 1 0
slack-tickets/internal/slack/http_client.go:122.4,128.6 1 4
slack-tickets/internal/slack/http_client.go:131.3,131.20 1 3
slack-tickets/internal/slack/http_client.go:131.20,132.9 1 2
slack-tickets/internal/slack/http_client.go:134.3,134.44 1 1
slack-tickets/internal/slack/http_client.go:137.2,137.17 1 2
slack-tickets/internal/slack/http_client.go:141.46,142.21 1 9
slack-tickets/internal/slack/http_client.go:142.21,144.3 1 1
slack-tickets/internal/slack/http_client.go:145.2,145.26 1 8
slack-tickets/internal/slack/http_client.go:145.26,147.3 1 3
slack-tickets/internal/slack/http_client.go:148.2,148.13 1 5
slack-tickets/internal/slack/http_client.go:152.104,155.16 3 12
slack-tickets/internal/slack/http_client.go:155.16,157.3 1 0
slack-tickets/internal/slack/http_client.go:159.2,164.16 5 12
slack-tickets/internal/slack/http_client.go:164.16,166.3 1 0
slack-tickets/internal/slack/http_client.go:167.2,169.38 2 12
slack-tickets/internal/slack/http_client.go:169.38,171.3 1 1
slack-tickets/internal/slack/http_client.go:173.2,173.63 1 11
slack-tickets/internal/slack/http_client.go:173.63,175.3 1 0
slack-tickets/internal/slack/http_client.go:176.2,176.12 1 11
slack-tickets/internal/slack/http_client.go:180.36,182.2 1 10
slack-tickets/internal/slack/http_client.go:185.49,187.23 1 4
slack-tickets/internal/slack/http_client.go:187.23,188.15 1 44
slack-tickets/internal/slack/http_client.go:188.15,190.18 2 4
slack-tickets/internal/slack/http_client.go:190.18,192.5 1 0
slack-tickets/internal/slack/http_client.go:193.4,193.40 1 4
slack-tickets/internal/slack/http_client.go:197.2,198.16 2 0
slack-tickets/internal/slack/http_client.go:198.16,200.3 1 0
slack-tickets/internal/slack/http_client.go:201.2,201.38 1 0
slack-tickets/internal/slack/http_client.go:205.40,207.22 2 20
slack-tickets/internal/slack/http_client.go:207.22,209.3 1 3
slack-tickets/internal/slack/http_client.go:210.2,210.10 1 20
slack-tickets/internal/analysis/gollm_analyzer.go:48.56,50.2 1 15
slack-tickets/internal/analysis/gollm_analyzer.go:53.136,54.20 1 15
slack-tickets/internal/analysis/gollm_analyzer.go:54.20,56.3 1 1
slack-tickets/internal/analysis/gollm_analyzer.go:58.2,61.16 3 14
slack-tickets/internal/analysis/gollm_analyzer.go:61.16,63.3 1 1
slack-tickets/internal/analysis/gollm_analyzer.go:65.2,66.16 2 13
slack-tickets/internal/analysis/gollm_analyzer.go:66.16,68.3 1 1
slack-tickets/internal/analysis/gollm_analyzer.go:71.2,71.28 1 12
slack-tickets/internal/analysis/gollm_analyzer.go:71.28,74.3 2 8
slack-tickets/internal/analysis/gollm_analyzer.go:76.2,76.24 1 12
slack-tickets/internal/analysis/gollm_analyzer.go:80.72,84.23 3 14
slack-tickets/internal/analysis/gollm_analyzer.go:84.23,86.3 1 0
slack-tickets/internal/analysis/gollm_analyzer.go:88.2,91.25 3 14
slack-tickets/internal/analysis/gollm_analyzer.go:91.25,95.23 3 14
slack-tickets/internal/analysis/gollm_analyzer.go:95.23,97.4 1 1
slack-tickets/internal/analysis/gollm_analyzer.go:98.3,98.73 1 14
slack-tickets/internal/analysis/gollm_analyzer.go:101.2,101.20 1 14
slack-tickets/internal/analysis/gollm_analyzer.go:118.59,122.35 2 13
slack-tickets/internal/analysis/gollm_analyzer.go:122.35,124.3 1 1
slack-tickets/internal/analysis/gollm_analyzer.go:126.2,127.60 2 13
slack-tickets/internal/analysis/gollm_analyzer.go:127.60,129.3 1 1
slack-tickets/internal/analysis/gollm_analyzer.go:131.2,132.29 2 12
slack-tickets/internal/analysis/gollm_analyzer.go:132.29,133.23 1 9
slack-tickets/internal/analysis/gollm_analyzer.go:133.23,134.12 1 1
slack-tickets/internal/analysis/gollm_analyzer.go:136.3,145.5 1 8
slack-tickets/internal/analysis/gollm_analyzer.go:147.2,147.17 1 12
slack-tickets/internal/analysis/gollm_analyzer.go:150.43,151.47 1 8
slack-tickets/internal/analysis/gollm_analyzer.go:152.14,153.22 1 3
slack-tickets/internal/analysis/gollm_analyzer.go:154.13,155.21 1 2
slack-tickets/internal/analysis/gollm_analyzer.go:156.10,157.24 1 3
slack-tickets/internal/analysis/gollm_analyzer.go:161.38,163.20 2 1
slack-tickets/internal/analysis/gollm_analyzer.go:163.20,165.3 1 0
slack-tickets/internal/analysis/gollm_analyzer.go:166.2,167.53 2 1
slack-tickets/internal/analysis/gollm_analyzer.go:167.53,169.3 1 1
slack-tickets/internal/analysis/gollm_analyzer.go:170.2,170.32 1 1
slack-tickets/internal/analysis/gollm_analyzer.go:173.39,174.17 1 1
slack-tickets/internal/analysis/gollm_analyzer.go:174.17,176.3 1 1
slack-tickets/internal/analysis/gollm_analyzer.go:177.2,177.22 1 0
slack-tickets/internal/analysis/llm.go:25.71,27.16 2 0
slack-tickets/internal/analysis/llm.go:27.16,29.3 1 0
slack-tickets/internal/analysis/llm.go:31.2,32.16 2 0
slack-tickets/internal/analysis/llm.go:32.16,34.3 1 0
slack-tickets/internal/analysis/llm.go:36.2,36.37 1 0
slack-tickets/internal/analysis/llm.go:40.101,46.16 3 0
slack-tickets/internal/analysis/llm.go:46.16,48.3 1 0
slack-tickets/internal/analysis/llm.go:49.2,49.18 1 0
slack-tickets/internal/analysis/llm.go:53.76,55.18 2 6
slack-tickets/internal/analysis/llm.go:56.15,64.9 1 1
slack-tickets/internal/analysis/llm.go:65.16,70.22 2 1
slack-tickets/internal/analysis/llm.go:70.22,72.4 1 1
slack-tickets/internal/analysis/llm.go:73.3,73.19 1 1
slack-tickets/internal/analysis/llm.go:74.19,79.22 2 1
slack-tickets/internal/analysis/llm.go:79.22,81.4 1 1
slack-tickets/internal/analysis/llm.go:82.3,82.19 1 1
slack-tickets/internal/analysis/llm.go:83.16,87.22 2 2
slack-tickets/internal/analysis/llm.go:87.22,89.4 1 1
slack-tickets/internal/analysis/llm.go:90.3,90.32 1 2
slack-tickets/internal/analysis/llm.go:90.32,92.4 1 2
slack-tickets/internal/analysis/llm.go:93.3,93.19 1 2
slack-tickets/internal/analysis/llm.go:94.10,95.70 1 1
slack-tickets/internal/report/report.go:21.43,22.52 1 13
slack-tickets/internal/report/report.go:23.24,24.34 1 8
slack-tickets/internal/report/report.go:25.14,26.30 1 4
slack-tickets/internal/report/report.go:27.10,28.91 1 1
slack-tickets/internal/report/report.go:36.92,39.98 2 5
slack-tickets/internal/report/report.go:39.98,41.3 1 0
slack-tickets/internal/report/report.go:43.2,47.48 3 5
slack-tickets/internal/report/report.go:47.48,49.3 1 0
slack-tickets/internal/report/report.go:51.2,51.25 1 5
slack-tickets/internal/report/report.go:51.25,52.102 1 2
slack-tickets/internal/report/report.go:52.102,54.4 1 0
slack-tickets/internal/report/report.go:55.8,56.58 1 3
slack-tickets/internal/report/report.go:56.58,58.4 1 0
slack-tickets/internal/report/report.go:61.2,61.22 1 5
slack-tickets/internal/report/report.go:61.22,62.90 1 2
slack-tickets/internal/report/report.go:62.90,64.4 1 0
slack-tickets/internal/report/report.go:65.3,65.29 1 2
slack-tickets/internal/report/report.go:65.29,66.121 1 2
slack-tickets/internal/report/report.go:66.121,68.5 1 0
slack-tickets/internal/report/report.go:72.2,72.12 1 5
slack-tickets/internal/report/report.go:75.83,77.49 2 3
slack-tickets/internal/report/report.go:77.49,79.3 1 0
slack-tickets/internal/report/report.go:81.2,81.31 1 3
slack-tickets/internal/report/report.go:81.31,85.20 4 4
slack-tickets/internal/report/report.go:85.20,87.4 1 0
slack-tickets/internal/report/report.go:88.3,91.48 3 4
slack-tickets/internal/report/report.go:91.48,93.4 1 0
slack-tickets/internal/report/report.go:97.2,97.59 1 3
slack-tickets/internal/report/report.go:97.59,99.3 1 0
slack-tickets/internal/report/report.go:100.2,100.31 1 3
slack-tickets/internal/report/report.go:100.31,101.56 1 4
slack-tickets/internal/report/report.go:101.56,103.4 1 0
slack-tickets/internal/report/report.go:106.2,106.12 1 3
slack-tickets/internal/report/report.go:109.80,121.2 2 4
slack-tickets/internal/report/report.go:135.88,147.43 5 2
slack-tickets/internal/report/report.go:147.43,149.3 1 0
slack-tickets/internal/report/report.go:150.2,150.12 1 2
slack-tickets/internal/report/report.go:155.88,157.31 2 7
slack-tickets/internal/report/report.go:157.31,158.32 1 8
slack-tickets/internal/report/report.go:158.32,160.4 1 5
slack-tickets/internal/report/report.go:162.2,162.12 1 7
slack-tickets/internal/report/report.go:165.86,167.31 2 5
slack-tickets/internal/report/report.go:167.31,168.32 1 6
slack-tickets/internal/report/report.go:168.32,170.4 1 2
slack-tickets/internal/report/report.go:172.2,172.12 1 5
slack-tickets/internal/report/report.go:175.32,178.2 1 16
slack-tickets/internal/report/report.go:180.39,181.17 1 4
slack-tickets/internal/report/report.go:181.17,183.3 1 4
slack-tickets/internal/report/report.go:184.2,184.22 1 0
slack-tickets/internal/pipeline/pipeline.go:35.11,36.19 1 6
slack-tickets/internal/pipeline/pipeline.go:36.19,38.3 1 0
slack-tickets/internal/pipeline/pipeline.go:39.2,46.3 1 6
slack-tickets/internal/pipeline/pipeline.go:50.62,53.16 2 6
slack-tickets/internal/pipeline/pipeline.go:53.16,55.3 1 0
slack-tickets/internal/pipeline/pipeline.go:56.2,61.16 4 6
slack-tickets/internal/pipeline/pipeline.go:61.16,63.3 1 1
slack-tickets/internal/pipeline/pipeline.go:64.2,68.37 3 5
slack-tickets/internal/pipeline/pipeline.go:68.37,69.10 1 5
slack-tickets/internal/pipeline/pipeline.go:70.21,71.20 1 1
slack-tickets/internal/pipeline/pipeline.go:72.11,72.11 0 4
slack-tickets/internal/pipeline/pipeline.go:75.3,77.17 3 4
slack-tickets/internal/pipeline/pipeline.go:77.17,79.12 2 1
slack-tickets/internal/pipeline/pipeline.go:81.3,81.21 1 3
slack-tickets/internal/pipeline/pipeline.go:81.21,83.12 2 0
slack-tickets/internal/pipeline/pipeline.go:85.3,88.17 3 3
slack-tickets/internal/pipeline/pipeline.go:88.17,90.12 2 1
slack-tickets/internal/pipeline/pipeline.go:92.3,92.55 1 2
slack-tickets/internal/pipeline/pipeline.go:94.2,97.28 2 4
slack-tickets/internal/pipeline/pipeline.go:97.28,100.17 3 2
slack-tickets/internal/pipeline/pipeline.go:100.17,102.4 1 0
slack-tickets/internal/pipeline/pipeline.go:103.3,103.32 1 2
slack-tickets/internal/pipeline/pipeline.go:103.32,104.52 1 2
slack-tickets/internal/pipeline/pipeline.go:104.52,106.5 1 1
slack-tickets/internal/pipeline/pipeline.go:108.3,108.77 1 2
slack-tickets/internal/pipeline/pipeline.go:112.2,113.59 2 4
slack-tickets/internal/pipeline/pipeline.go:113.59,115.3 1 0
slack-tickets/internal/pipeline/pipeline.go:117.2,117.12 1 4
slack-tickets/internal/atlassian/mcp_client.go:28.82,29.23 1 15
slack-tickets/internal/atlassian/mcp_client.go:29.23,31.3 1 15
slack-tickets/internal/atlassian/mcp_client.go:32.2,36.3 1 15
slack-tickets/internal/atlassian/mcp_client.go:40.121,43.39 2 15
slack-tickets/internal/atlassian/mcp_client.go:43.39,45.17 2 16
slack-tickets/internal/atlassian/mcp_client.go:45.17,48.12 1 2
slack-tickets/internal/atlassian/mcp_client.go:50.3,50.12 1 14
slack-tickets/internal/atlassian/mcp_client.go:50.12,52.4 1 6
slack-tickets/internal/atlassian/mcp_client.go:55.2,55.20 1 15
slack-tickets/internal/atlassian/mcp_client.go:59.133,68.16 3 16
slack-tickets/internal/atlassian/mcp_client.go:68.16,70.3 1 2
slack-tickets/internal/atlassian/mcp_client.go:72.2,72.32 1 14
slack-tickets/internal/atlassian/mcp_client.go:112.113,125.16 4 16
slack-tickets/internal/atlassian/mcp_client.go:125.16,127.3 1 0
slack-tickets/internal/atlassian/mcp_client.go:129.2,130.16 2 16
slack-tickets/internal/atlassian/mcp_client.go:130.16,132.3 1 0
slack-tickets/internal/atlassian/mcp_client.go:133.2,137.16 4 16
slack-tickets/internal/atlassian/mcp_client.go:137.16,139.3 1 0
slack-tickets/internal/atlassian/mcp_client.go:140.2,142.42 2 16
slack-tickets/internal/atlassian/mcp_client.go:142.42,144.3 1 1
slack-tickets/internal/atlassian/mcp_client.go:146.2,147.56 2 15
slack-tickets/internal/atlassian/mcp_client.go:147.56,149.3 1 1
slack-tickets/internal/atlassian/mcp_client.go:151.2,151.42 1 14
slack-tickets/internal/atlassian/mcp_client.go:155.70,157.60 2 14
slack-tickets/internal/atlassian/mcp_client.go:157.60,159.3 1 0
slack-tickets/internal/atlassian/mcp_client.go:160.2,160.27 1 14
slack-tickets/internal/atlassian/mcp_client.go:164.79,168.21 3 1
slack-tickets/internal/atlassian/mcp_client.go:168.21,170.40 2 2
slack-tickets/internal/atlassian/mcp_client.go:170.40,172.4 1 1
slack-tickets/internal/atlassian/mcp_client.go:172.9,172.46 1 1
slack-tickets/internal/atlassian/mcp_client.go:172.46,178.62 4 1
slack-tickets/internal/atlassian/mcp_client.go:178.62,179.13 1 0
slack-tickets/internal/atlassian/mcp_client.go:181.4,181.21 1 1
slack-tickets/internal/atlassian/mcp_client.go:181.21,183.5 1 1
slack-tickets/internal/atlassian/mcp_client.go:187.2,187.38 1 0
slack-tickets/internal/atlassian/mcp_client.go:187.38,189.3 1 0
slack-tickets/internal/atlassian/mcp_client.go:190.2,190.78 1 0
slack-tickets/internal/atlassian/mcp_client.go:194.53,195.23 1 15
slack-tickets/internal/atlassian/mcp_client.go:195.23,197.3 1 1
slack-tickets/internal/atlassian/mcp_client.go:199.2,200.61 2 14
slack-tickets/internal/atlassian/mcp_client.go:200.61,203.3 1 0
slack-tickets/internal/atlassian/mcp_client.go:205.2,205.20 1 14
slack-tickets/internal/atlassian/mcp_client.go:205.20,207.3 1 0
slack-tickets/internal/atlassian/mcp_client.go:209.2,210.35 2 14
slack-tickets/internal/atlassian/mcp_client.go:210.35,211.23 1 14
slack-tickets/internal/atlassian/mcp_client.go:211.23,213.4 1 14
slack-tickets/internal/atlassian/mcp_client.go:215.2,215.39 1 14
slack-tickets/internal/atlassian/mcp_client.go:219.73,228.62 3 14
slack-tickets/internal/atlassian/mcp_client.go:228.62,229.45 1 0
slack-tickets/internal/atlassian/mcp_client.go:229.45,231.4 1 0
slack-tickets/internal/atlassian/mcp_client.go:232.3,232.24 1 0
slack-tickets/internal/atlassian/mcp_client.go:236.2,242.63 2 14
slack-tickets/internal/atlassian/mcp_client.go:242.63,243.82 1 5
slack-tickets/internal/atlassian/mcp_client.go:243.82,245.4 1 3
slack-tickets/internal/atlassian/mcp_client.go:246.3,246.24 1 2
slack-tickets/internal/atlassian/mcp_client.go:250.2,250.44 1 9
slack-tickets/internal/atlassian/mcp_client.go:250.44,252.22 2 10
slack-tickets/internal/atlassian/mcp_client.go:252.22,254.4 1 3
slack-tickets/internal/atlassian/mcp_client.go:257.2,257.23 1 6
slack-tickets/internal/atlassian/mcp_client.go:261.31,262.16 1 10
slack-tickets/internal/atlassian/mcp_client.go:262.16,264.3 1 0
slack-tickets/internal/atlassian/mcp_client.go:265.2,266.17 2 10
slack-tickets/internal/atlassian/mcp_client.go:266.17,268.3 1 3
slack-tickets/internal/atlassian/mcp_client.go:269.2,271.22 3 7
slack-tickets/internal/atlassian/mcp_client.go:271.22,273.3 1 1
slack-tickets/internal/atlassian/mcp_client.go:274.2,274.27 1 6
slack-tickets/internal/atlassian/mcp_client.go:274.27,275.25 1 15
slack-tickets/internal/atlassian/mcp_client.go:275.25,277.4 1 2
slack-tickets/internal/atlassian/mcp_client.go:279.2,279.27 1 4
slack-tickets/internal/atlassian/mcp_client.go:279.27,280.25 1 9
slack-tickets/internal/atlassian/mcp_client.go:280.25,282.4 1 1
slack-tickets/internal/atlassian/mcp_client.go:284.2,284.13 1 3
slack-tickets/internal/atlassian/mcp_client.go:288.33,292.18 2 16
slack-tickets/internal/atlassian/mcp_client.go:292.18,294.3 1 0
slack-tickets/internal/atlassian/mcp_client.go:295.2,295.10 1 16
slack-tickets/internal/config/config.go:97.41,100.16 2 12
slack-tickets/internal/config/config.go:100.16,102.3 1 12
slack-tickets/internal/config/config.go:102.8,106.3 3 0
slack-tickets/internal/config/config.go:108.2,112.41 3 12
slack-tickets/internal/config/config.go:112.41,114.3 1 1
slack-tickets/internal/config/config.go:116.2,117.42 2 11
slack-tickets/internal/config/config.go:117.42,119.3 1 0
slack-tickets/internal/config/config.go:121.2,123.18 2 11
slack-tickets/internal/config/config.go:127.34,132.2 4 12
slack-tickets/internal/config/config.go:135.33,143.2 7 11
slack-tickets/internal/config/config.go:146.35,147.42 1 8
slack-tickets/internal/config/config.go:147.42,149.3 1 2
slack-tickets/internal/config/config.go:150.2,150.40 1 6
slack-tickets/internal/config/config.go:150.40,152.3 1 1
slack-tickets/internal/config/config.go:153.2,153.46 1 5
slack-tickets/internal/config/config.go:153.46,155.3 1 2
slack-tickets/internal/config/config.go:156.2,156.43 1 3
slack-tickets/internal/config/config.go:156.43,158.3 1 1
slack-tickets/internal/config/config.go:159.2,159.34 1 2
slack-tickets/internal/config/config.go:159.34,161.3 1 1
slack-tickets/internal/config/config.go:162.2,162.12 1 1
slack-tickets/internal/config/config.go:165.40,166.24 1 8
slack-tickets/internal/config/config.go:166.24,168.3 1 1
slack-tickets/internal/config/config.go:169.2,169.24 1 7
slack-tickets/internal/config/config.go:169.24,171.3 1 1
slack-tickets/internal/config/config.go:172.2,172.12 1 6
slack-tickets/internal/config/config.go:175.38,177.31 2 6
slack-tickets/internal/config/config.go:177.31,179.3 1 1
slack-tickets/internal/config/config.go:180.2,180.18 1 5
slack-tickets/internal/config/config.go:181.15,182.33 1 4
slack-tickets/internal/config/config.go:182.33,184.4 1 0
slack-tickets/internal/config/config.go:185.3,185.31 1 4
slack-tickets/internal/config/config.go:185.31,187.4 1 0
slack-tickets/internal/config/config.go:188.3,188.35 1 4
slack-tickets/internal/config/config.go:188.35,190.4 1 0
slack-tickets/internal/config/config.go:191.16,192.32 1 0
slack-tickets/internal/config/config.go:192.32,194.4 1 0
slack-tickets/internal/config/config.go:195.19,196.35 1 0
slack-tickets/internal/config/config.go:196.35,198.4 1 0
slack-tickets/internal/config/config.go:199.16,200.34 1 1
slack-tickets/internal/config/config.go:200.34,202.4 1 0
slack-tickets/internal/config/config.go:204.2,204.12 1 5
slack-tickets/internal/config/config.go:207.44,211.31 3 5
slack-tickets/internal/config/config.go:211.31,213.3 1 0
slack-tickets/internal/config/config.go:214.2,214.29 1 5
slack-tickets/internal/config/config.go:214.29,216.3 1 1
slack-tickets/internal/config/config.go:217.2,217.14 1 4
slack-tickets/internal/config/config.go:217.14,218.30 1 2
slack-tickets/internal/config/config.go:218.30,220.4 1 0
slack-tickets/internal/config/config.go:221.3,221.28 1 2
slack-tickets/internal/config/config.go:221.28,223.4 1 0
slack-tickets/internal/config/config.go:224.3,225.17 2 2
slack-tickets/internal/config/config.go:225.17,227.4 1 0
slack-tickets/internal/config/config.go:228.3,229.17 2 2
slack-tickets/internal/config/config.go:229.17,231.4 1 0
slack-tickets/internal/config/config.go:232.3,232.24 1 2
slack-tickets/internal/config/config.go:232.24,234.4 1 1
slack-tickets/internal/config/config.go:236.2,236.12 1 3
slack-tickets/internal/config/config.go:239.41,241.36 2 3
slack-tickets/internal/config/config.go:241.36,243.3 1 1
slack-tickets/internal/config/config.go:244.2,244.12 1 2
slack-tickets/internal/config/config.go:248.64,249.30 1 2
slack-tickets/internal/config/config.go:249.30,253.3 3 1
slack-tickets/internal/config/config.go:255.2,256.16 2 1
slack-tickets/internal/config/config.go:256.16,258.3 1 0
slack-tickets/internal/config/config.go:259.2,260.16 2 1
slack-tickets/internal/config/config.go:260.16,262.3 1 0
slack-tickets/internal/config/config.go:264.2,265.24 2 1
slack-tickets/cmd/slack-tickets/main.go:32.13,33.47 1 0
slack-tickets/cmd/slack-tickets/main.go:33.47,36.3 2 0
slack-tickets/cmd/slack-tickets/main.go:39.34,52.28 3 0
slack-tickets/cmd/slack-tickets/main.go:52.28,54.3 1 0
slack-tickets/cmd/slack-tickets/main.go:56.2,58.13 2 0
slack-tickets/cmd/slack-tickets/main.go:61.33,67.2 1 0
slack-tickets/cmd/slack-tickets/main.go:69.56,74.16 3 0
slack-tickets/cmd/slack-tickets/main.go:74.16,76.3 1 0
slack-tickets/cmd/slack-tickets/main.go:77.2,77.39 1 0
slack-tickets/cmd/slack-tickets/main.go:77.39,79.3 1 0
slack-tickets/cmd/slack-tickets/main.go:82.2,83.16 2 0
slack-tickets/cmd/slack-tickets/main.go:83.16,85.3 1 0
slack-tickets/cmd/slack-tickets/main.go:88.2,98.16 3 0
slack-tickets/cmd/slack-tickets/main.go:98.16,100.3 1 0
slack-tickets/cmd/slack-tickets/main.go:101.2,114.59 6 0
slack-tickets/cmd/slack-tickets/main.go:114.59,115.23 1 0
slack-tickets/cmd/slack-tickets/main.go:115.23,117.4 1 0
slack-tickets/cmd/slack-tickets/main.go:118.3,118.13 1 0
slack-tickets/cmd/slack-tickets/main.go:121.2,121.12 1 0
slack-tickets/cmd/slack-tickets/main.go:124.33,125.19 1 0
slack-tickets/cmd/slack-tickets/main.go:125.19,127.3 1 0
slack-tickets/cmd/slack-tickets/main.go:127.8,131.3 3 0
slack-tickets/cmd/slack-tickets/main.go:133.2,135.45 2 0
slack-tickets/cmd/slack-tickets/main.go:135.45,137.56 1 0
slack-tickets/cmd/slack-tickets/main.go:137.56,139.4 1 0
